  [1m[35m (0.1ms)[0m  [1m[34mSELECT sqlite_version(*)[0m
  [1m[35m (1.5ms)[0m  [1m[35mCREATE TABLE "schema_migrations" ("version" varchar NOT NULL PRIMARY KEY)[0m
  [1m[35m (1.9ms)[0m  [1m[35mCREATE TABLE "ar_internal_metadata" ("key" varchar NOT NULL PRIMARY KEY, "value" varchar, "created_at" datetime NOT NULL, "updated_at" datetime NOT NULL)[0m
  [1m[35m (0.2ms)[0m  [1m[34mSELECT "schema_migrations"."version" FROM "schema_migrations" ORDER BY "schema_migrations"."version" ASC[0m
Migrating to CreateBookmarks (20180206055410)
  [1m[35m (0.1ms)[0m  [1m[36mbegin transaction[0m
  [1m[35m (0.4ms)[0m  [1m[35mCREATE TABLE "bookmarks" ("id" INTEGER PRIMARY KEY AUTOINCREMENT NOT NULL, "title" varchar, "url" varchar, "created_at" datetime NOT NULL, "updated_at" datetime NOT NULL)[0m
  [1m[35mSQL (0.2ms)[0m  [1m[32mINSERT INTO "schema_migrations" ("version") VALUES (?)[0m  [["version", "20180206055410"]]
  [1m[35m (0.9ms)[0m  [1m[36mcommit transaction[0m
  [1m[36mActiveRecord::InternalMetadata Load (0.1ms)[0m  [1m[34mSELECT  "ar_internal_metadata".* FROM "ar_internal_metadata" WHERE "ar_internal_metadata"."key" = ? LIMIT ?[0m  [["key", "environment"], ["LIMIT", 1]]
  [1m[35m (0.1ms)[0m  [1m[36mbegin transaction[0m
  [1m[35mSQL (0.3ms)[0m  [1m[32mINSERT INTO "ar_internal_metadata" ("key", "value", "created_at", "updated_at") VALUES (?, ?, ?, ?)[0m  [["key", "environment"], ["value", "development"], ["created_at", "2018-02-06 05:55:32.811798"], ["updated_at", "2018-02-06 05:55:32.811798"]]
  [1m[35m (0.8ms)[0m  [1m[36mcommit transaction[0m
  [1m[35m (0.1ms)[0m  [1m[34mSELECT "schema_migrations"."version" FROM "schema_migrations" ORDER BY "schema_migrations"."version" ASC[0m
  [1m[35m (0.1ms)[0m  [1m[34mSELECT COUNT(*) FROM "bookmarks"[0m
  [1m[35m (0.1ms)[0m  [1m[36mbegin transaction[0m
  [1m[35mSQL (1.3ms)[0m  [1m[32mINSERT INTO "bookmarks" ("title", "url", "created_at", "updated_at") VALUES (?, ?, ?, ?)[0m  [["title", "Rails Creative App"], ["url", "http://localhost:3000"], ["created_at", "2018-02-06 05:56:42.143903"], ["updated_at", "2018-02-06 05:56:42.143903"]]
  [1m[35m (1.7ms)[0m  [1m[36mcommit transaction[0m
  [1m[35m (0.3ms)[0m  [1m[34mSELECT COUNT(*) FROM "bookmarks"[0m
Started GET "/" for 127.0.0.1 at 2018-02-05 21:59:19 -0800
  [1m[35m (0.2ms)[0m  [1m[34mSELECT "schema_migrations"."version" FROM "schema_migrations" ORDER BY "schema_migrations"."version" ASC[0m
Processing by WelcomeController#homepage as HTML
  Rendering welcome/homepage.html.erb within layouts/application
  Rendered welcome/homepage.html.erb within layouts/application (1.2ms)
Completed 200 OK in 483ms (Views: 471.2ms | ActiveRecord: 0.0ms)


Started GET "/bookmarks.json" for 127.0.0.1 at 2018-02-05 21:59:29 -0800
Processing by BookmarksController#index as JSON
  Rendering bookmarks/index.json.jbuilder
  [1m[36mBookmark Load (0.2ms)[0m  [1m[34mSELECT "bookmarks".* FROM "bookmarks"[0m
  Rendered bookmarks/_bookmark.json.jbuilder (0.9ms)
  Rendered bookmarks/index.json.jbuilder (14.2ms)
Completed 200 OK in 26ms (Views: 20.5ms | ActiveRecord: 0.7ms)


Started GET "/bookmarks" for 127.0.0.1 at 2018-02-05 21:59:46 -0800
Processing by BookmarksController#index as HTML
  Rendering bookmarks/index.html.erb within layouts/application
  [1m[36mBookmark Load (0.2ms)[0m  [1m[34mSELECT "bookmarks".* FROM "bookmarks"[0m
  Rendered bookmarks/index.html.erb within layouts/application (2.1ms)
Completed 200 OK in 25ms (Views: 21.8ms | ActiveRecord: 0.2ms)


Started GET "/bookmarks/1" for 127.0.0.1 at 2018-02-05 21:59:59 -0800
Processing by BookmarksController#show as HTML
  Parameters: {"id"=>"1"}
  [1m[36mBookmark Load (0.2ms)[0m  [1m[34mSELECT  "bookmarks".* FROM "bookmarks" WHERE "bookmarks"."id" = ? LIMIT ?[0m  [["id", 1], ["LIMIT", 1]]
  Rendering bookmarks/show.html.erb within layouts/application
  Rendered bookmarks/show.html.erb within layouts/application (1.1ms)
Completed 200 OK in 47ms (Views: 36.2ms | ActiveRecord: 0.2ms)


Started GET "/bookmarks" for 127.0.0.1 at 2018-02-05 22:00:02 -0800
Processing by BookmarksController#index as HTML
  Rendering bookmarks/index.html.erb within layouts/application
  [1m[36mBookmark Load (0.3ms)[0m  [1m[34mSELECT "bookmarks".* FROM "bookmarks"[0m
  Rendered bookmarks/index.html.erb within layouts/application (2.8ms)
Completed 200 OK in 45ms (Views: 42.0ms | ActiveRecord: 0.3ms)


Started GET "/" for 127.0.0.1 at 2018-02-05 22:13:09 -0800
  [1m[35m (0.4ms)[0m  [1m[34mSELECT "schema_migrations"."version" FROM "schema_migrations" ORDER BY "schema_migrations"."version" ASC[0m
Processing by WelcomeController#homepage as HTML
  Rendering welcome/homepage.html.erb within layouts/application
  Rendered welcome/homepage.html.erb within layouts/application (1.2ms)
Completed 200 OK in 243ms (Views: 233.3ms | ActiveRecord: 0.0ms)


Started GET "/bookmarks" for 127.0.0.1 at 2018-02-05 22:13:13 -0800
Processing by BookmarksController#index as HTML
  Rendering bookmarks/index.html.erb within layouts/application
  [1m[36mBookmark Load (0.4ms)[0m  [1m[34mSELECT "bookmarks".* FROM "bookmarks"[0m
  Rendered bookmarks/index.html.erb within layouts/application (9.0ms)
Completed 200 OK in 34ms (Views: 27.0ms | ActiveRecord: 1.2ms)


Started GET "/bookmarks/new" for 127.0.0.1 at 2018-02-05 22:13:19 -0800
Processing by BookmarksController#new as HTML
  Rendering bookmarks/new.html.erb within layouts/application
  Rendered bookmarks/_form.html.erb (24.0ms)
  Rendered bookmarks/new.html.erb within layouts/application (27.8ms)
Completed 200 OK in 55ms (Views: 52.0ms | ActiveRecord: 0.0ms)


Started POST "/bookmarks" for 127.0.0.1 at 2018-02-05 22:13:31 -0800
Processing by BookmarksController#create as HTML
  Parameters: {"utf8"=>"✓", "authenticity_token"=>"lhdDN10op1pcMdWzm4I3QJS5gLN7SvzfVOe6pqmJbItBc2H7mXzzUBoZvsKQDnvA2Rg358/Ya6/AKelQWlQi4Q==", "bookmark"=>{"title"=>"HMC", "url"=>"https://www.hmc.edu"}, "commit"=>"Create Bookmark"}
  [1m[35m (0.1ms)[0m  [1m[36mbegin transaction[0m
  [1m[35mSQL (0.8ms)[0m  [1m[32mINSERT INTO "bookmarks" ("title", "url", "created_at", "updated_at") VALUES (?, ?, ?, ?)[0m  [["title", "HMC"], ["url", "https://www.hmc.edu"], ["created_at", "2018-02-06 06:13:31.708265"], ["updated_at", "2018-02-06 06:13:31.708265"]]
  [1m[35m (1.0ms)[0m  [1m[36mcommit transaction[0m
Redirected to http://localhost:3000/bookmarks/2
Completed 302 Found in 5ms (ActiveRecord: 1.9ms)


Started GET "/bookmarks/2" for 127.0.0.1 at 2018-02-05 22:13:31 -0800
Processing by BookmarksController#show as HTML
  Parameters: {"id"=>"2"}
  [1m[36mBookmark Load (0.3ms)[0m  [1m[34mSELECT  "bookmarks".* FROM "bookmarks" WHERE "bookmarks"."id" = ? LIMIT ?[0m  [["id", 2], ["LIMIT", 1]]
  Rendering bookmarks/show.html.erb within layouts/application
  Rendered bookmarks/show.html.erb within layouts/application (0.9ms)
Completed 200 OK in 24ms (Views: 18.6ms | ActiveRecord: 0.3ms)


Started GET "/bookmarks" for 127.0.0.1 at 2018-02-05 22:13:33 -0800
Processing by BookmarksController#index as HTML
  Rendering bookmarks/index.html.erb within layouts/application
  [1m[36mBookmark Load (0.2ms)[0m  [1m[34mSELECT "bookmarks".* FROM "bookmarks"[0m
  Rendered bookmarks/index.html.erb within layouts/application (2.9ms)
Completed 200 OK in 44ms (Views: 41.3ms | ActiveRecord: 0.2ms)


Started GET "/" for 127.0.0.1 at 2018-02-05 22:13:42 -0800
Processing by WelcomeController#homepage as HTML
  Rendering welcome/homepage.html.erb within layouts/application
  Rendered welcome/homepage.html.erb within layouts/application (0.5ms)
Completed 200 OK in 39ms (Views: 35.4ms | ActiveRecord: 0.0ms)


  [1m[35m (0.2ms)[0m  [1m[34mSELECT "schema_migrations"."version" FROM "schema_migrations" ORDER BY "schema_migrations"."version" ASC[0m
Migrating to DeviseCreateUsers (20180206062419)
  [1m[35m (0.1ms)[0m  [1m[36mbegin transaction[0m
  [1m[35m (0.1ms)[0m  [1m[34mSELECT sqlite_version(*)[0m
  [1m[35m (0.4ms)[0m  [1m[35mCREATE TABLE "users" ("id" INTEGER PRIMARY KEY AUTOINCREMENT NOT NULL, "email" varchar DEFAULT '' NOT NULL, "encrypted_password" varchar DEFAULT '' NOT NULL, "remember_created_at" datetime, "created_at" datetime NOT NULL, "updated_at" datetime NOT NULL)[0m
  [1m[35m (0.1ms)[0m  [1m[35mCREATE UNIQUE INDEX "index_users_on_email" ON "users" ("email")[0m
  [1m[35mSQL (0.2ms)[0m  [1m[32mINSERT INTO "schema_migrations" ("version") VALUES (?)[0m  [["version", "20180206062419"]]
  [1m[35m (1.8ms)[0m  [1m[36mcommit transaction[0m
  [1m[36mActiveRecord::InternalMetadata Load (0.1ms)[0m  [1m[34mSELECT  "ar_internal_metadata".* FROM "ar_internal_metadata" WHERE "ar_internal_metadata"."key" = ? LIMIT ?[0m  [["key", "environment"], ["LIMIT", 1]]
  [1m[35m (0.1ms)[0m  [1m[36mbegin transaction[0m
  [1m[35m (0.0ms)[0m  [1m[36mcommit transaction[0m
  [1m[35m (0.1ms)[0m  [1m[34mSELECT "schema_migrations"."version" FROM "schema_migrations" ORDER BY "schema_migrations"."version" ASC[0m
  [1m[35m (0.1ms)[0m  [1m[34m            SELECT sql
            FROM sqlite_master
            WHERE name='index_users_on_email' AND type='index'
            UNION ALL
            SELECT sql
            FROM sqlite_temp_master
            WHERE name='index_users_on_email' AND type='index'
[0m
Started GET "/" for 127.0.0.1 at 2018-02-05 22:31:28 -0800
  [1m[35m (0.1ms)[0m  [1m[34mSELECT "schema_migrations"."version" FROM "schema_migrations" ORDER BY "schema_migrations"."version" ASC[0m
  
ActiveRecord::PendingMigrationError (

Migrations are pending. To resolve this issue, run:

        bin/rails db:migrate RAILS_ENV=development

):
  
activerecord (5.1.4) lib/active_record/migration.rb:576:in `check_pending!'
activerecord (5.1.4) lib/active_record/migration.rb:553:in `call'
actionpack (5.1.4) lib/action_dispatch/middleware/callbacks.rb:26:in `block in call'
activesupport (5.1.4) lib/active_support/callbacks.rb:97:in `run_callbacks'
actionpack (5.1.4) lib/action_dispatch/middleware/callbacks.rb:24:in `call'
actionpack (5.1.4) lib/action_dispatch/middleware/executor.rb:12:in `call'
actionpack (5.1.4) lib/action_dispatch/middleware/debug_exceptions.rb:59:in `call'
web-console (3.5.1) lib/web_console/middleware.rb:135:in `call_app'
web-console (3.5.1) lib/web_console/middleware.rb:28:in `block in call'
web-console (3.5.1) lib/web_console/middleware.rb:18:in `catch'
web-console (3.5.1) lib/web_console/middleware.rb:18:in `call'
actionpack (5.1.4) lib/action_dispatch/middleware/show_exceptions.rb:31:in `call'
railties (5.1.4) lib/rails/rack/logger.rb:36:in `call_app'
railties (5.1.4) lib/rails/rack/logger.rb:24:in `block in call'
activesupport (5.1.4) lib/active_support/tagged_logging.rb:69:in `block in tagged'
activesupport (5.1.4) lib/active_support/tagged_logging.rb:26:in `tagged'
activesupport (5.1.4) lib/active_support/tagged_logging.rb:69:in `tagged'
railties (5.1.4) lib/rails/rack/logger.rb:24:in `call'
sprockets-rails (3.2.1) lib/sprockets/rails/quiet_assets.rb:13:in `call'
actionpack (5.1.4) lib/action_dispatch/middleware/remote_ip.rb:79:in `call'
actionpack (5.1.4) lib/action_dispatch/middleware/request_id.rb:25:in `call'
rack (2.0.4) lib/rack/method_override.rb:22:in `call'
rack (2.0.4) lib/rack/runtime.rb:22:in `call'
activesupport (5.1.4) lib/active_support/cache/strategy/local_cache_middleware.rb:27:in `call'
actionpack (5.1.4) lib/action_dispatch/middleware/executor.rb:12:in `call'
actionpack (5.1.4) lib/action_dispatch/middleware/static.rb:125:in `call'
rack (2.0.4) lib/rack/sendfile.rb:111:in `call'
railties (5.1.4) lib/rails/engine.rb:522:in `call'
puma (3.11.2) lib/puma/configuration.rb:225:in `call'
puma (3.11.2) lib/puma/server.rb:624:in `handle_request'
puma (3.11.2) lib/puma/server.rb:438:in `process_client'
puma (3.11.2) lib/puma/server.rb:302:in `block in run'
puma (3.11.2) lib/puma/thread_pool.rb:120:in `block in spawn_thread'
  [1m[35m (0.1ms)[0m  [1m[34mSELECT "schema_migrations"."version" FROM "schema_migrations" ORDER BY "schema_migrations"."version" ASC[0m
Migrating to AddUserIdToBookmark (20180206062731)
  [1m[35m (0.1ms)[0m  [1m[36mbegin transaction[0m
  [1m[35m (0.7ms)[0m  [1m[35mALTER TABLE "bookmarks" ADD "user_id" integer[0m
  [1m[35mSQL (0.3ms)[0m  [1m[32mINSERT INTO "schema_migrations" ("version") VALUES (?)[0m  [["version", "20180206062731"]]
  [1m[35m (0.7ms)[0m  [1m[36mcommit transaction[0m
  [1m[36mActiveRecord::InternalMetadata Load (0.1ms)[0m  [1m[34mSELECT  "ar_internal_metadata".* FROM "ar_internal_metadata" WHERE "ar_internal_metadata"."key" = ? LIMIT ?[0m  [["key", "environment"], ["LIMIT", 1]]
  [1m[35m (0.1ms)[0m  [1m[36mbegin transaction[0m
  [1m[35m (0.1ms)[0m  [1m[36mcommit transaction[0m
  [1m[35m (0.1ms)[0m  [1m[34mSELECT "schema_migrations"."version" FROM "schema_migrations" ORDER BY "schema_migrations"."version" ASC[0m
  [1m[35m (0.1ms)[0m  [1m[34m            SELECT sql
            FROM sqlite_master
            WHERE name='index_users_on_email' AND type='index'
            UNION ALL
            SELECT sql
            FROM sqlite_temp_master
            WHERE name='index_users_on_email' AND type='index'
[0m
